  socket.cpp
E:\AInformation\m_Cpp\FileTransmitter\FileTransmitter\tcpSocket.h(13,1): warning C4005: “_CRT_SECURE_NO_WARNINGS”: 宏重定义
  (编译源文件“socket.cpp”)
  E:\AInformation\m_Cpp\FileTransmitter\FileTransmitter\tcpSocket.h(13,1):
  之前在命令行上声明的“_CRT_SECURE_NO_WARNINGS”
  
E:\AInformation\m_Cpp\FileTransmitter\FileTransmitter\socket.cpp(46,56): warning C4267: “参数”: 从“size_t”转换到“int”，可能丢失数据
  tcpSocket.cpp
E:\AInformation\m_Cpp\FileTransmitter\FileTransmitter\tcpSocket.h(13,1): warning C4005: “_CRT_SECURE_NO_WARNINGS”: 宏重定义
  (编译源文件“tcpSocket.cpp”)
  E:\AInformation\m_Cpp\FileTransmitter\FileTransmitter\tcpSocket.h(13,1):
  之前在命令行上声明的“_CRT_SECURE_NO_WARNINGS”
  
E:\AInformation\m_Cpp\FileTransmitter\FileTransmitter\tcpSocket.cpp(15,28): warning C4244: “=”: 从“ULONGLONG”转换到“DWORD”，可能丢失数据
E:\AInformation\m_Cpp\FileTransmitter\FileTransmitter\tcpSocket.cpp(21,26): warning C4244: “=”: 从“ULONGLONG”转换到“DWORD”，可能丢失数据
E:\AInformation\m_Cpp\FileTransmitter\FileTransmitter\tcpSocket.cpp(69,41): warning C4267: “参数”: 从“size_t”转换到“int”，可能丢失数据
E:\AInformation\m_Cpp\FileTransmitter\FileTransmitter\tcpSocket.cpp(95,71): warning C4267: “参数”: 从“size_t”转换到“int”，可能丢失数据
E:\AInformation\m_Cpp\FileTransmitter\FileTransmitter\tcpSocket.cpp(103,61): warning C4244: “参数”: 从“unsigned __int64”转换到“int”，可能丢失数据
E:\AInformation\m_Cpp\FileTransmitter\FileTransmitter\tcpSocket.cpp(119,42): warning C4267: “参数”: 从“size_t”转换到“int”，可能丢失数据
E:\AInformation\m_Cpp\FileTransmitter\FileTransmitter\tcpSocket.cpp(171,51): warning C4267: “参数”: 从“size_t”转换到“int”，可能丢失数据
E:\AInformation\m_Cpp\FileTransmitter\FileTransmitter\tcpSocket.cpp(242,13): warning C4267: “初始化”: 从“size_t”转换到“int”，可能丢失数据
E:\AInformation\m_Cpp\FileTransmitter\FileTransmitter\tcpSocket.cpp(260,15): warning C4267: “初始化”: 从“size_t”转换到“int”，可能丢失数据
E:\AInformation\m_Cpp\FileTransmitter\FileTransmitter\tcpSocket.cpp(261,19): warning C4267: “初始化”: 从“size_t”转换到“int”，可能丢失数据
  正在生成代码...
  FileTransmitter.vcxproj -> E:\AInformation\m_Cpp\FileTransmitter\x64\Debug\FileTransmitter.exe
